Arguments: 
  E:\nodejs\node.exe E:\nodejs\node_global\node_modules\yarn\bin\yarn.js install

PATH: 
  C:\Program Files (x86)\Common Files\Oracle\Java\javapath;C:\Windows\system32;C:\Windows;C:\Windows\System32\Wbem;C:\Windows\System32\WindowsPowerShell\v1.0\;C:\Windows\System32\OpenSSH\;"C:\Program Files\Java\jdk1.8.0_241\bin;C:\Program Files\Java\jdk1.8.0_241\jre\bin";C:\Program Files\TortoiseSVN\bin;"E:\kafka\apache-zookeeper-3.6.1-bin\bin;";E:\nodejs\;E:\nodejs\node_global;E:\nodejs\node_global\node_modules\yarn\bin;E:\nodejs\node_global\node_modules\cnpm\bin;C:\Users\zzy\AppData\Local\Microsoft\WindowsApps;;C:\Program Files\JetBrains\IntelliJ IDEA 2020.1.3\bin;;E:\Microsoft VS Code\bin;C:\Users\zzy\AppData\Roaming\npm

Yarn version: 
  1.22.10

Node version: 
  14.13.1

Platform: 
  win32 x64

Trace: 
  Error: https://registry.npm.taobao.org/slash/download/slash-3.0.0.tgz: Request failed "500 Internal Server Error"
      at ResponseError.ExtendableBuiltin (E:\nodejs\node_global\node_modules\yarn\lib\cli.js:696:66)
      at new ResponseError (E:\nodejs\node_global\node_modules\yarn\lib\cli.js:802:124)
      at Request.<anonymous> (E:\nodejs\node_global\node_modules\yarn\lib\cli.js:67058:16)
      at Request.emit (events.js:314:20)
      at Request.module.exports.Request.onRequestResponse (E:\nodejs\node_global\node_modules\yarn\lib\cli.js:141539:10)
      at ClientRequest.emit (events.js:314:20)
      at HTTPParser.parserOnIncomingClient (_http_client.js:640:27)
      at HTTPParser.parserOnHeadersComplete (_http_common.js:126:17)
      at TLSSocket.socketOnData (_http_client.js:509:22)
      at TLSSocket.emit (events.js:314:20)

npm manifest: 
  {
    "private": true,
    "scripts": {
      "start": "SET PORT=8002&&cross-env BROWSER=none ESLINT=none roadhog dev",
      "build": "cross-env ESLINT=none roadhog build",
      "buildD": "cross-env NO_COMPRESS=none ESLINT=none roadhog build",
      "lint": "npm run lint:script",
      "lint:script": "eslint --ext .js --ext jsx src",
      "prettier": "prettier --write \"src/**/*+(js|less|css|jsx)\"",
      "prettier:check": "prettier --check \"src/**/*+(js|less|css|jsx)\"",
      "pretty-quick": "pretty-quick"
    },
    "husky": {
      "hooks": {
        "pre-commit": "lint-staged",
        "commit-msg": "commitlint -E HUSKY_GIT_PARAMS"
      }
    },
    "lint-staged": {
      "src/**/*+(js|jsx|less|css)": "npm run prettier:check",
      "src/**/*+(js|jsx)": "npm run lint"
    },
    "engines": {
      "install-node": "6.9.2"
    },
    "dependencies": {
      "antd": "^2.13.11",
      "classnames": "^2.2.6",
      "dva": "^2.1.0",
      "dva-loading": "^2.0.5",
      "echarts": "^4.9.0",
      "echarts-for-react": "^2.0.16",
      "immutable": "^3.8.2",
      "lodash": "^4.17.10",
      "moment": "^2.20.1",
      "rc-layout": "^1.3.0",
      "react": "^15.4.0",
      "react-dom": "^15.4.0",
      "react-virtualized": "^9.22.3",
      "updeep": "^1.0.0",
      "vtx-ui": "latest"
    },
    "devDependencies": {
      "@commitlint/cli": "^11.0.0",
      "@commitlint/config-conventional": "^11.0.0",
      "@vtx/eslint-config-vortex": "^1.1.0",
      "babel-plugin-dva-hmr": "^0.4.0",
      "babel-plugin-import": "^1.6.3",
      "babel-plugin-transform-remove-console": "^6.8.5",
      "babel-plugin-transform-runtime": "^6.9.0",
      "cross-env": "^5.1.3",
      "css-split-webpack-plugin": "^0.2.5",
      "eslint": "^7.11.0",
      "eslint-config-umi": "^0.1.1",
      "eslint-plugin-flowtype": "^2.34.1",
      "eslint-plugin-import": "^2.6.0",
      "eslint-plugin-jsx-a11y": "^5.1.1",
      "eslint-plugin-react": "^7.1.0",
      "history": "4.7.2",
      "husky": "^4.3.0",
      "lint-staged": "^10.4.2",
      "prettier": "^1.19.1",
      "pretty-quick": "^3.1.0",
      "redbox-react": "^1.3.2",
      "roadhog": "2.5.0-beta.4",
      "webpack-parallel-uglify-plugin": "^1.1.0"
    }
  }

yarn manifest: 
  No manifest

Lockfile: 
  No lockfile
